[2018-06-25 19:55:35.742] [exthost1] [info] extension host started
[2018-06-25 19:55:35.782] [exthost1] [info] ExtensionService#_doActivateExtension vscode.emmet {"startup":true,"activationEvent":"*"}
[2018-06-25 19:55:35.783] [exthost1] [info] ExtensionService#loadCommonJSModule /snap/vscode/38/usr/share/code/resources/app/extensions/emmet/out/extension
[2018-06-25 19:55:35.866] [exthost1] [info] ExtensionService#_doActivateExtension vscode.git {"startup":true,"activationEvent":"*"}
[2018-06-25 19:55:35.866] [exthost1] [info] ExtensionService#loadCommonJSModule /snap/vscode/38/usr/share/code/resources/app/extensions/git/out/main
[2018-06-25 19:55:36.060] [exthost1] [info] ExtensionService#_doActivateExtension vscode.merge-conflict {"startup":true,"activationEvent":"*"}
[2018-06-25 19:55:36.060] [exthost1] [info] ExtensionService#loadCommonJSModule /snap/vscode/38/usr/share/code/resources/app/extensions/merge-conflict/out/extension
[2018-06-25 19:55:36.073] [exthost1] [info] ExtensionService#_doActivateExtension vscode.search-rg {"startup":true,"activationEvent":"*"}
[2018-06-25 19:55:36.073] [exthost1] [info] ExtensionService#loadCommonJSModule /snap/vscode/38/usr/share/code/resources/app/extensions/search-rg/out/extension
[2018-06-25 19:55:36.080] [exthost1] [info] ExtensionService#_doActivateExtension alefragnani.numbered-bookmarks {"startup":true,"activationEvent":"*"}
[2018-06-25 19:55:36.080] [exthost1] [info] ExtensionService#loadCommonJSModule /home/krithick/.vscode/extensions/alefragnani.numbered-bookmarks-0.11.1/out/src/extension
[2018-06-25 19:55:36.087] [exthost1] [info] ExtensionService#_doActivateExtension dbaeumer.vscode-eslint {"startup":true,"activationEvent":"*"}
[2018-06-25 19:55:36.087] [exthost1] [info] ExtensionService#loadCommonJSModule /home/krithick/.vscode/extensions/dbaeumer.vscode-eslint-1.4.12/client/out/extension
[2018-06-25 19:55:36.149] [exthost1] [info] ExtensionService#_doActivateExtension eamodio.gitlens {"startup":true,"activationEvent":"*"}
[2018-06-25 19:55:36.149] [exthost1] [info] ExtensionService#loadCommonJSModule /home/krithick/.vscode/extensions/eamodio.gitlens-8.4.1/out/extension
[2018-06-25 19:55:36.341] [exthost1] [info] ExtensionService#_doActivateExtension robertohuertasm.vscode-icons {"startup":true,"activationEvent":"*"}
[2018-06-25 19:55:36.341] [exthost1] [info] ExtensionService#loadCommonJSModule /home/krithick/.vscode/extensions/robertohuertasm.vscode-icons-7.24.0/out/src/
[2018-06-25 19:55:36.425] [exthost1] [info] ExtensionService#_doActivateExtension shyykoserhiy.vscode-spotify {"startup":true,"activationEvent":"*"}
[2018-06-25 19:55:36.425] [exthost1] [info] ExtensionService#loadCommonJSModule /home/krithick/.vscode/extensions/shyykoserhiy.vscode-spotify-2.4.0/out/src/extension
[2018-06-25 19:55:36.506] [exthost1] [info] eager extensions activated
[2018-06-25 19:55:36.511] [exthost1] [info] ExtensionService#_doActivateExtension vscode.php-language-features {"startup":false,"activationEvent":"onLanguage:php"}
[2018-06-25 19:55:36.511] [exthost1] [info] ExtensionService#loadCommonJSModule /snap/vscode/38/usr/share/code/resources/app/extensions/php-language-features/out/phpMain
[2018-06-25 19:55:36.535] [exthost1] [info] ExtensionService#_doActivateExtension felixfbecker.php-intellisense {"startup":false,"activationEvent":"onLanguage:php"}
[2018-06-25 19:55:36.535] [exthost1] [info] ExtensionService#loadCommonJSModule /home/krithick/.vscode/extensions/felixfbecker.php-intellisense-2.3.3/out/extension
[2018-06-25 19:55:36.884] [exthost1] [info] ExtensionService#_doActivateExtension vscode.html-language-features {"startup":false,"activationEvent":"onLanguage:html"}
[2018-06-25 19:55:36.884] [exthost1] [info] ExtensionService#loadCommonJSModule /snap/vscode/38/usr/share/code/resources/app/extensions/html-language-features/client/out/htmlMain
[2018-06-25 19:55:37.015] [exthost1] [info] ExtensionService#_doActivateExtension mkaufman.HTMLHint {"startup":false,"activationEvent":"onLanguage:html"}
[2018-06-25 19:55:37.015] [exthost1] [info] ExtensionService#loadCommonJSModule /home/krithick/.vscode/extensions/mkaufman.htmlhint-0.5.0/out/extension
[2018-06-25 19:55:37.080] [exthost1] [info] ExtensionService#_doActivateExtension vscode.configuration-editing {"startup":false,"activationEvent":"onLanguage:jsonc"}
[2018-06-25 19:55:37.080] [exthost1] [info] ExtensionService#loadCommonJSModule /snap/vscode/38/usr/share/code/resources/app/extensions/configuration-editing/out/extension
[2018-06-25 19:55:37.118] [exthost1] [info] ExtensionService#_doActivateExtension vscode.json-language-features {"startup":false,"activationEvent":"onLanguage:jsonc"}
[2018-06-25 19:55:37.118] [exthost1] [info] ExtensionService#loadCommonJSModule /snap/vscode/38/usr/share/code/resources/app/extensions/json-language-features/client/out/jsonMain
[2018-06-25 20:58:20.500] [exthost1] [info] extension host started
[2018-06-25 20:58:20.532] [exthost1] [info] ExtensionService#_doActivateExtension vscode.emmet {"startup":true,"activationEvent":"*"}
[2018-06-25 20:58:20.532] [exthost1] [info] ExtensionService#loadCommonJSModule /snap/vscode/38/usr/share/code/resources/app/extensions/emmet/out/extension
[2018-06-25 20:58:20.597] [exthost1] [info] ExtensionService#_doActivateExtension vscode.git {"startup":true,"activationEvent":"*"}
[2018-06-25 20:58:20.597] [exthost1] [info] ExtensionService#loadCommonJSModule /snap/vscode/38/usr/share/code/resources/app/extensions/git/out/main
[2018-06-25 20:58:20.792] [exthost1] [info] ExtensionService#_doActivateExtension vscode.merge-conflict {"startup":true,"activationEvent":"*"}
[2018-06-25 20:58:20.792] [exthost1] [info] ExtensionService#loadCommonJSModule /snap/vscode/38/usr/share/code/resources/app/extensions/merge-conflict/out/extension
[2018-06-25 20:58:20.806] [exthost1] [info] ExtensionService#_doActivateExtension vscode.search-rg {"startup":true,"activationEvent":"*"}
[2018-06-25 20:58:20.806] [exthost1] [info] ExtensionService#loadCommonJSModule /snap/vscode/38/usr/share/code/resources/app/extensions/search-rg/out/extension
[2018-06-25 20:58:20.812] [exthost1] [info] ExtensionService#_doActivateExtension alefragnani.numbered-bookmarks {"startup":true,"activationEvent":"*"}
[2018-06-25 20:58:20.812] [exthost1] [info] ExtensionService#loadCommonJSModule /home/krithick/.vscode/extensions/alefragnani.numbered-bookmarks-0.11.1/out/src/extension
[2018-06-25 20:58:20.818] [exthost1] [info] ExtensionService#_doActivateExtension dbaeumer.vscode-eslint {"startup":true,"activationEvent":"*"}
[2018-06-25 20:58:20.818] [exthost1] [info] ExtensionService#loadCommonJSModule /home/krithick/.vscode/extensions/dbaeumer.vscode-eslint-1.4.12/client/out/extension
[2018-06-25 20:58:20.877] [exthost1] [info] ExtensionService#_doActivateExtension eamodio.gitlens {"startup":true,"activationEvent":"*"}
[2018-06-25 20:58:20.877] [exthost1] [info] ExtensionService#loadCommonJSModule /home/krithick/.vscode/extensions/eamodio.gitlens-8.4.1/out/extension
[2018-06-25 20:58:21.090] [exthost1] [info] ExtensionService#_doActivateExtension robertohuertasm.vscode-icons {"startup":true,"activationEvent":"*"}
[2018-06-25 20:58:21.090] [exthost1] [info] ExtensionService#loadCommonJSModule /home/krithick/.vscode/extensions/robertohuertasm.vscode-icons-7.24.0/out/src/
[2018-06-25 20:58:21.181] [exthost1] [info] ExtensionService#_doActivateExtension shyykoserhiy.vscode-spotify {"startup":true,"activationEvent":"*"}
[2018-06-25 20:58:21.181] [exthost1] [info] ExtensionService#loadCommonJSModule /home/krithick/.vscode/extensions/shyykoserhiy.vscode-spotify-2.4.0/out/src/extension
[2018-06-25 20:58:21.716] [exthost1] [info] ExtensionService#_doActivateExtension felixfbecker.php-intellisense {"startup":true,"activationEvent":"workspaceContains:**/*.php"}
[2018-06-25 20:58:21.716] [exthost1] [info] ExtensionService#loadCommonJSModule /home/krithick/.vscode/extensions/felixfbecker.php-intellisense-2.3.3/out/extension
[2018-06-25 20:58:21.776] [exthost1] [info] eager extensions activated
[2018-06-25 20:58:23.516] [exthost1] [info] ExtensionService#_doActivateExtension vscode.php-language-features {"startup":false,"activationEvent":"onLanguage:php"}
[2018-06-25 20:58:23.516] [exthost1] [info] ExtensionService#loadCommonJSModule /snap/vscode/38/usr/share/code/resources/app/extensions/php-language-features/out/phpMain
[2018-06-25 20:58:35.967] [exthost1] [info] ExtensionService#_doActivateExtension vscode.html-language-features {"startup":false,"activationEvent":"onLanguage:html"}
[2018-06-25 20:58:35.967] [exthost1] [info] ExtensionService#loadCommonJSModule /snap/vscode/38/usr/share/code/resources/app/extensions/html-language-features/client/out/htmlMain
[2018-06-25 20:58:36.143] [exthost1] [info] ExtensionService#_doActivateExtension mkaufman.HTMLHint {"startup":false,"activationEvent":"onLanguage:html"}
[2018-06-25 20:58:36.143] [exthost1] [info] ExtensionService#loadCommonJSModule /home/krithick/.vscode/extensions/mkaufman.htmlhint-0.5.0/out/extension
