[2018-06-24 19:55:18.045] [exthost1] [info] extension host started
[2018-06-24 19:55:18.076] [exthost1] [info] ExtensionService#_doActivateExtension vscode.emmet {"startup":true,"activationEvent":"*"}
[2018-06-24 19:55:18.076] [exthost1] [info] ExtensionService#loadCommonJSModule /snap/vscode/38/usr/share/code/resources/app/extensions/emmet/out/extension
[2018-06-24 19:55:18.881] [exthost1] [info] ExtensionService#_doActivateExtension vscode.git {"startup":true,"activationEvent":"*"}
[2018-06-24 19:55:18.881] [exthost1] [info] ExtensionService#loadCommonJSModule /snap/vscode/38/usr/share/code/resources/app/extensions/git/out/main
[2018-06-24 19:55:19.272] [exthost1] [info] ExtensionService#_doActivateExtension vscode.merge-conflict {"startup":true,"activationEvent":"*"}
[2018-06-24 19:55:19.272] [exthost1] [info] ExtensionService#loadCommonJSModule /snap/vscode/38/usr/share/code/resources/app/extensions/merge-conflict/out/extension
[2018-06-24 19:55:19.289] [exthost1] [info] ExtensionService#_doActivateExtension vscode.search-rg {"startup":true,"activationEvent":"*"}
[2018-06-24 19:55:19.289] [exthost1] [info] ExtensionService#loadCommonJSModule /snap/vscode/38/usr/share/code/resources/app/extensions/search-rg/out/extension
[2018-06-24 19:55:19.309] [exthost1] [info] ExtensionService#_doActivateExtension alefragnani.numbered-bookmarks {"startup":true,"activationEvent":"*"}
[2018-06-24 19:55:19.309] [exthost1] [info] ExtensionService#loadCommonJSModule /home/krithick/.vscode/extensions/alefragnani.numbered-bookmarks-0.11.1/out/src/extension
[2018-06-24 19:55:19.357] [exthost1] [info] ExtensionService#_doActivateExtension dbaeumer.vscode-eslint {"startup":true,"activationEvent":"*"}
[2018-06-24 19:55:19.357] [exthost1] [info] ExtensionService#loadCommonJSModule /home/krithick/.vscode/extensions/dbaeumer.vscode-eslint-1.4.12/client/out/extension
[2018-06-24 19:55:19.642] [exthost1] [info] ExtensionService#_doActivateExtension eamodio.gitlens {"startup":true,"activationEvent":"*"}
[2018-06-24 19:55:19.642] [exthost1] [info] ExtensionService#loadCommonJSModule /home/krithick/.vscode/extensions/eamodio.gitlens-8.4.1/out/extension
[2018-06-24 19:55:20.470] [exthost1] [info] ExtensionService#_doActivateExtension robertohuertasm.vscode-icons {"startup":true,"activationEvent":"*"}
[2018-06-24 19:55:20.471] [exthost1] [info] ExtensionService#loadCommonJSModule /home/krithick/.vscode/extensions/robertohuertasm.vscode-icons-7.24.0/out/src/
[2018-06-24 19:55:20.847] [exthost1] [info] ExtensionService#_doActivateExtension shyykoserhiy.vscode-spotify {"startup":true,"activationEvent":"*"}
[2018-06-24 19:55:20.847] [exthost1] [info] ExtensionService#loadCommonJSModule /home/krithick/.vscode/extensions/shyykoserhiy.vscode-spotify-2.4.0/out/src/extension
[2018-06-24 19:55:21.416] [exthost1] [info] eager extensions activated
[2018-06-24 19:55:21.427] [exthost1] [info] ExtensionService#_doActivateExtension vscode.php-language-features {"startup":false,"activationEvent":"onLanguage:php"}
[2018-06-24 19:55:21.427] [exthost1] [info] ExtensionService#loadCommonJSModule /snap/vscode/38/usr/share/code/resources/app/extensions/php-language-features/out/phpMain
[2018-06-24 19:55:21.501] [exthost1] [info] ExtensionService#_doActivateExtension felixfbecker.php-intellisense {"startup":false,"activationEvent":"onLanguage:php"}
[2018-06-24 19:55:21.501] [exthost1] [info] ExtensionService#loadCommonJSModule /home/krithick/.vscode/extensions/felixfbecker.php-intellisense-2.3.3/out/extension
[2018-06-24 19:55:23.654] [exthost1] [info] ExtensionService#_doActivateExtension vscode.html-language-features {"startup":false,"activationEvent":"onLanguage:html"}
[2018-06-24 19:55:23.654] [exthost1] [info] ExtensionService#loadCommonJSModule /snap/vscode/38/usr/share/code/resources/app/extensions/html-language-features/client/out/htmlMain
[2018-06-24 19:55:23.802] [exthost1] [info] ExtensionService#_doActivateExtension mkaufman.HTMLHint {"startup":false,"activationEvent":"onLanguage:html"}
[2018-06-24 19:55:23.802] [exthost1] [info] ExtensionService#loadCommonJSModule /home/krithick/.vscode/extensions/mkaufman.htmlhint-0.5.0/out/extension
[2018-06-24 19:55:24.415] [exthost1] [info] ExtensionService#_doActivateExtension vscode.configuration-editing {"startup":false,"activationEvent":"onLanguage:jsonc"}
[2018-06-24 19:55:24.415] [exthost1] [info] ExtensionService#loadCommonJSModule /snap/vscode/38/usr/share/code/resources/app/extensions/configuration-editing/out/extension
[2018-06-24 19:55:24.458] [exthost1] [info] ExtensionService#_doActivateExtension vscode.json-language-features {"startup":false,"activationEvent":"onLanguage:jsonc"}
[2018-06-24 19:55:24.458] [exthost1] [info] ExtensionService#loadCommonJSModule /snap/vscode/38/usr/share/code/resources/app/extensions/json-language-features/client/out/jsonMain
[2018-06-24 19:57:38.266] [exthost1] [info] extension host started
[2018-06-24 19:57:38.303] [exthost1] [info] ExtensionService#_doActivateExtension vscode.emmet {"startup":true,"activationEvent":"*"}
[2018-06-24 19:57:38.303] [exthost1] [info] ExtensionService#loadCommonJSModule /snap/vscode/38/usr/share/code/resources/app/extensions/emmet/out/extension
[2018-06-24 19:57:38.367] [exthost1] [info] ExtensionService#_doActivateExtension vscode.git {"startup":true,"activationEvent":"*"}
[2018-06-24 19:57:38.367] [exthost1] [info] ExtensionService#loadCommonJSModule /snap/vscode/38/usr/share/code/resources/app/extensions/git/out/main
[2018-06-24 19:57:38.531] [exthost1] [info] ExtensionService#_doActivateExtension vscode.merge-conflict {"startup":true,"activationEvent":"*"}
[2018-06-24 19:57:38.531] [exthost1] [info] ExtensionService#loadCommonJSModule /snap/vscode/38/usr/share/code/resources/app/extensions/merge-conflict/out/extension
[2018-06-24 19:57:38.542] [exthost1] [info] ExtensionService#_doActivateExtension vscode.search-rg {"startup":true,"activationEvent":"*"}
[2018-06-24 19:57:38.542] [exthost1] [info] ExtensionService#loadCommonJSModule /snap/vscode/38/usr/share/code/resources/app/extensions/search-rg/out/extension
[2018-06-24 19:57:38.547] [exthost1] [info] ExtensionService#_doActivateExtension alefragnani.numbered-bookmarks {"startup":true,"activationEvent":"*"}
[2018-06-24 19:57:38.547] [exthost1] [info] ExtensionService#loadCommonJSModule /home/krithick/.vscode/extensions/alefragnani.numbered-bookmarks-0.11.1/out/src/extension
[2018-06-24 19:57:38.553] [exthost1] [info] ExtensionService#_doActivateExtension dbaeumer.vscode-eslint {"startup":true,"activationEvent":"*"}
[2018-06-24 19:57:38.553] [exthost1] [info] ExtensionService#loadCommonJSModule /home/krithick/.vscode/extensions/dbaeumer.vscode-eslint-1.4.12/client/out/extension
[2018-06-24 19:57:38.609] [exthost1] [info] ExtensionService#_doActivateExtension eamodio.gitlens {"startup":true,"activationEvent":"*"}
[2018-06-24 19:57:38.609] [exthost1] [info] ExtensionService#loadCommonJSModule /home/krithick/.vscode/extensions/eamodio.gitlens-8.4.1/out/extension
[2018-06-24 19:57:38.809] [exthost1] [info] ExtensionService#_doActivateExtension robertohuertasm.vscode-icons {"startup":true,"activationEvent":"*"}
[2018-06-24 19:57:38.809] [exthost1] [info] ExtensionService#loadCommonJSModule /home/krithick/.vscode/extensions/robertohuertasm.vscode-icons-7.24.0/out/src/
[2018-06-24 19:57:38.893] [exthost1] [info] ExtensionService#_doActivateExtension shyykoserhiy.vscode-spotify {"startup":true,"activationEvent":"*"}
[2018-06-24 19:57:38.893] [exthost1] [info] ExtensionService#loadCommonJSModule /home/krithick/.vscode/extensions/shyykoserhiy.vscode-spotify-2.4.0/out/src/extension
[2018-06-24 19:57:39.347] [exthost1] [info] ExtensionService#_doActivateExtension felixfbecker.php-intellisense {"startup":true,"activationEvent":"workspaceContains:**/*.php"}
[2018-06-24 19:57:39.348] [exthost1] [info] ExtensionService#loadCommonJSModule /home/krithick/.vscode/extensions/felixfbecker.php-intellisense-2.3.3/out/extension
[2018-06-24 19:57:39.413] [exthost1] [info] eager extensions activated
[2018-06-24 19:57:42.419] [exthost1] [info] ExtensionService#_doActivateExtension vscode.php-language-features {"startup":false,"activationEvent":"onLanguage:php"}
[2018-06-24 19:57:42.419] [exthost1] [info] ExtensionService#loadCommonJSModule /snap/vscode/38/usr/share/code/resources/app/extensions/php-language-features/out/phpMain
[2018-06-24 21:37:21.786] [exthost1] [info] ExtensionService#_doActivateExtension vscode.css-language-features {"startup":false,"activationEvent":"onLanguage:css"}
[2018-06-24 21:37:21.786] [exthost1] [info] ExtensionService#loadCommonJSModule /snap/vscode/38/usr/share/code/resources/app/extensions/css-language-features/client/out/cssMain
[2018-06-24 22:11:01.819] [exthost1] [info] ExtensionService#_doActivateExtension vscode.html-language-features {"startup":false,"activationEvent":"onLanguage:html"}
[2018-06-24 22:11:01.819] [exthost1] [info] ExtensionService#loadCommonJSModule /snap/vscode/38/usr/share/code/resources/app/extensions/html-language-features/client/out/htmlMain
[2018-06-24 22:11:01.940] [exthost1] [info] ExtensionService#_doActivateExtension mkaufman.HTMLHint {"startup":false,"activationEvent":"onLanguage:html"}
[2018-06-24 22:11:01.940] [exthost1] [info] ExtensionService#loadCommonJSModule /home/krithick/.vscode/extensions/mkaufman.htmlhint-0.5.0/out/extension
