[2018-06-24 19:55:14.523] [sharedprocess] [info] main {"machineId":"1747a47f9f22f4a5ff619de4129d28aa5615abcaed29f90b2eb6de332b394476"}
[2018-06-24 19:55:15.290] [sharedprocess] [info] Scanned user extensions: 11
[2018-06-24 19:55:15.970] [sharedprocess] [info] Scanned system extensions: 70
[2018-06-24 19:55:15.984] [sharedprocess] [info] Deleted from disk ikappas.phpcs-1.0.5
[2018-06-24 19:55:16.859] [sharedprocess] [info] Scanned user extensions: 11
[2018-06-24 19:55:16.860] [sharedprocess] [info] Scanned user extensions: 11
[2018-06-24 19:55:16.889] [sharedprocess] [info] Scanned system extensions: 70
[2018-06-24 19:55:20.179] [sharedprocess] [info] Scanned user extensions: 11
[2018-06-24 19:55:54.530] [sharedprocess] [info] Starting to clean up unused language packs.
[2018-06-24 19:57:26.646] [sharedprocess] [info] Scanned user extensions: 11
[2018-06-24 19:57:26.653] [sharedprocess] [info] Scanned user extensions: 11
[2018-06-24 19:57:26.654] [sharedprocess] [info] Scanned user extensions: 11
[2018-06-24 19:57:26.708] [sharedprocess] [info] Scanned system extensions: 70
[2018-06-24 19:57:26.715] [sharedprocess] [info] Scanned system extensions: 70
[2018-06-24 19:57:38.008] [sharedprocess] [info] Scanned user extensions: 11
[2018-06-24 19:57:38.008] [sharedprocess] [info] Scanned user extensions: 11
[2018-06-24 19:57:38.022] [sharedprocess] [info] Scanned user extensions: 11
[2018-06-24 19:57:38.084] [sharedprocess] [info] Scanned system extensions: 70
[2018-06-24 19:57:38.089] [sharedprocess] [info] Scanned system extensions: 70
[2018-06-24 19:57:40.551] [sharedprocess] [info] Scanned user extensions: 11
[2018-06-24 20:02:40.633] [sharedprocess] [info] Scanned user extensions: 11
[2018-06-24 20:07:40.725] [sharedprocess] [info] Scanned user extensions: 11
[2018-06-24 20:14:35.090] [sharedprocess] [info] Scanned user extensions: 11
[2018-06-24 20:19:35.146] [sharedprocess] [info] Scanned user extensions: 11
[2018-06-24 20:24:35.225] [sharedprocess] [info] Scanned user extensions: 11
[2018-06-24 20:29:35.319] [sharedprocess] [info] Scanned user extensions: 11
[2018-06-24 20:34:35.402] [sharedprocess] [info] Scanned user extensions: 11
[2018-06-24 20:39:35.485] [sharedprocess] [info] Scanned user extensions: 11
[2018-06-24 21:34:23.381] [sharedprocess] [info] Scanned user extensions: 11
[2018-06-24 21:39:23.469] [sharedprocess] [info] Scanned user extensions: 11
[2018-06-24 21:44:23.542] [sharedprocess] [info] Scanned user extensions: 11
[2018-06-24 21:49:23.608] [sharedprocess] [info] Scanned user extensions: 11
[2018-06-24 21:54:23.697] [sharedprocess] [info] Scanned user extensions: 11
[2018-06-24 21:59:23.808] [sharedprocess] [info] Scanned user extensions: 11
[2018-06-24 22:04:23.891] [sharedprocess] [info] Scanned user extensions: 11
[2018-06-24 22:09:24.012] [sharedprocess] [info] Scanned user extensions: 11
[2018-06-24 22:14:24.048] [sharedprocess] [info] Scanned user extensions: 11
[2018-06-24 22:19:24.094] [sharedprocess] [info] Scanned user extensions: 11
[2018-06-24 22:24:24.133] [sharedprocess] [info] Scanned user extensions: 11
[2018-06-24 22:29:24.171] [sharedprocess] [info] Scanned user extensions: 11
[2018-06-24 22:34:25.820] [sharedprocess] [info] Scanned user extensions: 11
[2018-06-24 22:39:25.857] [sharedprocess] [info] Scanned user extensions: 11
[2018-06-24 22:44:25.894] [sharedprocess] [info] Scanned user extensions: 11
[2018-06-24 22:49:25.984] [sharedprocess] [info] Scanned user extensions: 11
[2018-06-24 22:54:26.052] [sharedprocess] [info] Scanned user extensions: 11
[2018-06-24 22:59:26.124] [sharedprocess] [info] Scanned user extensions: 11
[2018-06-24 23:04:26.175] [sharedprocess] [info] Scanned user extensions: 11
[2018-06-24 23:09:26.227] [sharedprocess] [info] Scanned user extensions: 11
[2018-06-24 23:14:26.300] [sharedprocess] [info] Scanned user extensions: 11
